<?xml version="1.0" encoding="UTF-8"?>
<!-- Generated by org.testng.reporters.JUnitReportReporter -->
<testsuite skipped="0" hostname="LAPTOP-E2M54NU4" name="org.sample.TestNG1" tests="1" failures="0" timestamp="2021-06-06T20:23:20 IST" time="9.820" errors="0">
  <testcase name="tc1" time="9.820" classname="org.sample.TestNG1"/>
  <system-out/>
</testsuite> <!-- org.sample.TestNG1 -->
