<?xml version="1.0" encoding="UTF-8"?>
<!-- Generated by org.testng.reporters.JUnitReportReporter -->
<testsuite skipped="0" hostname="LAPTOP-E2M54NU4" name="org.sample.FbGroup" tests="2" failures="0" timestamp="2021-06-06T20:38:09 IST" time="30.954" errors="0">
  <testcase name="tc3" time="18.674" classname="org.sample.FbGroup"/>
  <system-out/>
  <testcase name="tc5" time="12.280" classname="org.sample.FbGroup"/>
  <system-out/>
</testsuite> <!-- org.sample.FbGroup -->
